\BOOKMARK [0][-]{chapter.1}{Projektablauf}{}% 1
\BOOKMARK [1][-]{section.1.1}{Ausgangssituation}{chapter.1}% 2
\BOOKMARK [1][-]{section.1.2}{\334berlegungen zu Projektbeginn}{chapter.1}% 3
\BOOKMARK [2][-]{subsection.1.2.1}{GitHub / Branches}{section.1.2}% 4
\BOOKMARK [3][-]{subsubsection.1.2.1.1}{Ausgangslage}{subsection.1.2.1}% 5
\BOOKMARK [3][-]{subsubsection.1.2.1.2}{Verbesserungen}{subsection.1.2.1}% 6
\BOOKMARK [1][-]{section.1.3}{Ziele f\374r Version 4}{chapter.1}% 7
\BOOKMARK [1][-]{section.1.4}{Teams}{chapter.1}% 8
\BOOKMARK [1][-]{section.1.5}{Kommunikation}{chapter.1}% 9
\BOOKMARK [1][-]{section.1.6}{Projektfortschritt dokumentiert}{chapter.1}% 10
\BOOKMARK [1][-]{section.1.7}{Fazit und Ausblick}{chapter.1}% 11
\BOOKMARK [0][-]{chapter.2}{Design}{}% 12
\BOOKMARK [1][-]{section.2.1}{Einleitung}{chapter.2}% 13
\BOOKMARK [1][-]{section.2.2}{Stundenplan}{chapter.2}% 14
\BOOKMARK [2][-]{subsection.2.2.1}{Screen1}{section.2.2}% 15
\BOOKMARK [1][-]{section.2.3}{Onboarding}{chapter.2}% 16
\BOOKMARK [1][-]{section.2.4}{Einstellungen}{chapter.2}% 17
\BOOKMARK [1][-]{section.2.5}{Widget}{chapter.2}% 18
\BOOKMARK [1][-]{section.2.6}{demo}{chapter.2}% 19
\BOOKMARK [0][-]{chapter.3}{Erweiterung durch eine Siri Integration}{}% 20
\BOOKMARK [1][-]{section.3.1}{Einleitung}{chapter.3}% 21
\BOOKMARK [1][-]{section.3.2}{Istzustand}{chapter.3}% 22
\BOOKMARK [1][-]{section.3.3}{Beispielhafte Anfragen}{chapter.3}% 23
\BOOKMARK [1][-]{section.3.4}{Umsetzung}{chapter.3}% 24
\BOOKMARK [1][-]{section.3.5}{Voraussetzung f\374r SiriKit}{chapter.3}% 25
\BOOKMARK [1][-]{section.3.6}{Einschr\344nkungen}{chapter.3}% 26
\BOOKMARK [1][-]{section.3.7}{lessons learnd}{chapter.3}% 27
\BOOKMARK [0][-]{chapter.4}{Push Notifications}{}% 28
\BOOKMARK [1][-]{section.4.1}{Einleitung}{chapter.4}% 29
\BOOKMARK [1][-]{section.4.2}{Istzustand}{chapter.4}% 30
\BOOKMARK [1][-]{section.4.3}{Projektablauf}{chapter.4}% 31
\BOOKMARK [1][-]{section.4.4}{Vorbereitung einer Testumgebung}{chapter.4}% 32
\BOOKMARK [2][-]{subsection.4.4.1}{MAMP als Virtuelle Umgebung}{section.4.4}% 33
\BOOKMARK [3][-]{subsubsection.4.4.1.1}{MAMP}{subsection.4.4.1}% 34
\BOOKMARK [3][-]{subsubsection.4.4.1.2}{MySQL Datenbank}{subsection.4.4.1}% 35
\BOOKMARK [1][-]{section.4.5}{Umsetzung}{chapter.4}% 36
\BOOKMARK [2][-]{subsection.4.5.1}{Server Installation}{section.4.5}% 37
\BOOKMARK [2][-]{subsection.4.5.2}{Zertifikate}{section.4.5}% 38
\BOOKMARK [2][-]{subsection.4.5.3}{Code zum Registrieren am Server}{section.4.5}% 39
\BOOKMARK [1][-]{section.4.6}{Aufgetretene Probleme}{chapter.4}% 40
\BOOKMARK [1][-]{section.4.7}{lessons learned}{chapter.4}% 41
\BOOKMARK [1][-]{section.4.8}{Weitere Arbeiten}{chapter.4}% 42
\BOOKMARK [0][-]{chapter.5}{Testen der Anwendung}{}% 43
\BOOKMARK [0][-]{chapter.6}{Gruppe PMP}{}% 44
\BOOKMARK [1][-]{section.6.1}{Einleitung}{chapter.6}% 45
\BOOKMARK [1][-]{section.6.2}{\334berblick}{chapter.6}% 46
\BOOKMARK [1][-]{section.6.3}{Erster Bug}{chapter.6}% 47
\BOOKMARK [0][-]{chapter.7}{Aufgaben Erweiterung}{}% 48
\BOOKMARK [1][-]{section.7.1}{Einleitung}{chapter.7}% 49
\BOOKMARK [1][-]{section.7.2}{Planung und Mockup}{chapter.7}% 50
\BOOKMARK [1][-]{section.7.3}{Funktionen}{chapter.7}% 51
\BOOKMARK [0][-]{chapter.8}{Kalenderschnittstelle}{}% 52
\BOOKMARK [1][-]{section.8.1}{Einleitung}{chapter.8}% 53
\BOOKMARK [1][-]{section.8.2}{\334berarbeitung}{chapter.8}% 54
\BOOKMARK [0][-]{chapter.9}{Onboarding}{}% 55
\BOOKMARK [1][-]{section.9.1}{Einleitung}{chapter.9}% 56
\BOOKMARK [1][-]{section.9.2}{Umsetzung}{chapter.9}% 57
\BOOKMARK [0][-]{chapter.10}{Universal App Colors}{}% 58
\BOOKMARK [1][-]{section.10.1}{Beschreibung}{chapter.10}% 59
